[2019-08-18 11:50:09,195] multiqc                                            [DEBUG  ]  No MultiQC config found: /home/downey-wall.a/.conda/envs/salmon/lib/python3.6/site-packages/multiqc_config.yaml
[2019-08-18 11:50:09,195] multiqc                                            [DEBUG  ]  No MultiQC config found: /home/downey-wall.a/.multiqc_config.yaml
[2019-08-18 11:50:09,195] multiqc                                            [DEBUG  ]  No MultiQC config found: multiqc_config.yaml
[2019-08-18 11:50:09,195] multiqc                                            [DEBUG  ]  Command used: /home/downey-wall.a/.conda/envs/salmon/bin/multiqc .
[2019-08-18 11:50:09,853] multiqc                                            [DEBUG  ]  Latest MultiQC version is v1.7
[2019-08-18 11:50:09,853] multiqc                                            [INFO   ]  This is MultiQC v1.7
[2019-08-18 11:50:09,854] multiqc                                            [DEBUG  ]  Command     : /home/downey-wall.a/.conda/envs/salmon/bin/multiqc .
[2019-08-18 11:50:09,854] multiqc                                            [DEBUG  ]  Working dir : /shared_lab/20180226_RNAseq_2017OAExp/DNAm/trimmedSamples/groupSample_illuminaAdapter_20190726
[2019-08-18 11:50:09,854] multiqc                                            [INFO   ]  Template    : default
[2019-08-18 11:50:09,854] multiqc                                            [INFO   ]  Searching '.'
[2019-08-18 11:50:09,855] multiqc                                            [DEBUG  ]  Analysing modules: custom_content, conpair, peddy, methylQA, phantompeakqualtools, qualimap, preseq, quast, qorts, rna_seqc, rsem, rseqc, busco, goleft_indexcov, disambiguate, supernova, deeptools, sargasso, verifybamid, mirtrace, happy, homer, macs2, theta2, snpeff, gatk, htseq, bcftools, featureCounts, dedup, damageprofiler, picard, prokka, samblaster, samtools, bamtools, jellyfish, vcftools, longranger, stacks, bbmap, bismark, biscuit, hicexplorer, hicup, hicpro, salmon, kallisto, slamdunk, star, hisat2, tophat, bowtie2, bowtie1, kat, leehom, adapterRemoval, clipandmerge, cutadapt, flexbar, trimmomatic, skewer, sortmerna, biobloomtools, fastq_screen, afterqc, fastp, fastqc, minionqc, clusterflow, bcl2fastq, interop, flash
[2019-08-18 11:50:09,855] multiqc                                            [DEBUG  ]  Using temporary directory for creating report: /tmp/tmpw9mj4u82
[2019-08-18 11:50:10,055] multiqc                                            [DEBUG  ]  Ignoring file as matched an ignore pattern: 17122_DNAm_R1_val_1.fq.gz
[2019-08-18 11:50:10,102] multiqc                                            [DEBUG  ]  Ignoring file as matched an ignore pattern: 17142_DNAm_R2_val_2.fq.gz
[2019-08-18 11:50:10,102] multiqc                                            [DEBUG  ]  Ignoring file as matched an ignore pattern: 17005_DNAm_R1_val_1.fq.gz
[2019-08-18 11:50:10,103] multiqc                                            [DEBUG  ]  Ignoring file as matched an ignore pattern: 17005_DNAm_R2_val_2.fq.gz
[2019-08-18 11:50:10,103] multiqc                                            [DEBUG  ]  Ignoring file as matched an ignore pattern: 17142_DNAm_R1_val_1.fq.gz
[2019-08-18 11:50:10,197] multiqc                                            [DEBUG  ]  Ignoring file as matched an ignore pattern: 17145_DNAm_R2_val_2.fq.gz
[2019-08-18 11:50:10,197] multiqc                                            [DEBUG  ]  Ignoring file as matched an ignore pattern: 17007_DNAm_R2_val_2.fq.gz
[2019-08-18 11:50:10,198] multiqc                                            [DEBUG  ]  Ignoring file as matched an ignore pattern: 17007_DNAm_R1_val_1.fq.gz
[2019-08-18 11:50:10,246] multiqc                                            [DEBUG  ]  Ignoring file as matched an ignore pattern: 17145_DNAm_R1_val_1.fq.gz
[2019-08-18 11:50:10,293] multiqc                                            [DEBUG  ]  Ignoring file as matched an ignore pattern: 17162_DNAm_R2_val_2.fq.gz
[2019-08-18 11:50:10,294] multiqc                                            [DEBUG  ]  Ignoring file as matched an ignore pattern: 17013_DNAm_R1_val_1.fq.gz
[2019-08-18 11:50:10,294] multiqc                                            [DEBUG  ]  Ignoring file as matched an ignore pattern: 17013_DNAm_R2_val_2.fq.gz
[2019-08-18 11:50:10,341] multiqc                                            [DEBUG  ]  Ignoring file as matched an ignore pattern: 17162_DNAm_R1_val_1.fq.gz
[2019-08-18 11:50:10,388] multiqc                                            [DEBUG  ]  Ignoring file as matched an ignore pattern: 17174_DNAm_R2_val_2.fq.gz
[2019-08-18 11:50:10,389] multiqc                                            [DEBUG  ]  Ignoring file as matched an ignore pattern: 17019_DNAm_R1_val_1.fq.gz
[2019-08-18 11:50:10,389] multiqc                                            [DEBUG  ]  Ignoring file as matched an ignore pattern: 17019_DNAm_R2_val_2.fq.gz
[2019-08-18 11:50:10,436] multiqc                                            [DEBUG  ]  Ignoring file as matched an ignore pattern: 17174_DNAm_R1_val_1.fq.gz
[2019-08-18 11:50:10,485] multiqc                                            [DEBUG  ]  Ignoring file as matched an ignore pattern: 17176_DNAm_R1_val_1.fq.gz
[2019-08-18 11:50:10,485] multiqc                                            [DEBUG  ]  Ignoring file as matched an ignore pattern: 17069_DNAm_R2_val_2.fq.gz
[2019-08-18 11:50:10,486] multiqc                                            [DEBUG  ]  Ignoring file as matched an ignore pattern: 17069_DNAm_R1_val_1.fq.gz
[2019-08-18 11:50:10,534] multiqc                                            [DEBUG  ]  Ignoring file as matched an ignore pattern: 17176_DNAm_R2_val_2.fq.gz
[2019-08-18 11:50:10,581] multiqc                                            [DEBUG  ]  Ignoring file as matched an ignore pattern: 17178_DNAm_R1_val_1.fq.gz
[2019-08-18 11:50:10,582] multiqc                                            [DEBUG  ]  Ignoring file as matched an ignore pattern: 17070_DNAm_R1_val_1.fq.gz
[2019-08-18 11:50:10,582] multiqc                                            [DEBUG  ]  Ignoring file as matched an ignore pattern: 17070_DNAm_R2_val_2.fq.gz
[2019-08-18 11:50:10,630] multiqc                                            [DEBUG  ]  Ignoring file as matched an ignore pattern: 17178_DNAm_R2_val_2.fq.gz
[2019-08-18 11:50:10,677] multiqc                                            [DEBUG  ]  Ignoring file as matched an ignore pattern: 17181_DNAm_R1_val_1.fq.gz
[2019-08-18 11:50:10,678] multiqc                                            [DEBUG  ]  Ignoring file as matched an ignore pattern: 17072_DNAm_R1_val_1.fq.gz
[2019-08-18 11:50:10,679] multiqc                                            [DEBUG  ]  Ignoring file as matched an ignore pattern: 17072_DNAm_R2_val_2.fq.gz
[2019-08-18 11:50:10,727] multiqc                                            [DEBUG  ]  Ignoring file as matched an ignore pattern: 17181_DNAm_R2_val_2.fq.gz
[2019-08-18 11:50:10,774] multiqc                                            [DEBUG  ]  Ignoring file as matched an ignore pattern: 17203_DNAm_R2_val_2.fq.gz
[2019-08-18 11:50:10,775] multiqc                                            [DEBUG  ]  Ignoring file as matched an ignore pattern: 17079_DNAm_R2_val_2.fq.gz
[2019-08-18 11:50:10,775] multiqc                                            [DEBUG  ]  Ignoring file as matched an ignore pattern: 17079_DNAm_R1_val_1.fq.gz
[2019-08-18 11:50:10,823] multiqc                                            [DEBUG  ]  Ignoring file as matched an ignore pattern: 17203_DNAm_R1_val_1.fq.gz
[2019-08-18 11:50:10,871] multiqc                                            [DEBUG  ]  Ignoring file as matched an ignore pattern: 17211_DNAm_R2_val_2.fq.gz
[2019-08-18 11:50:10,872] multiqc                                            [DEBUG  ]  Ignoring file as matched an ignore pattern: 17090_DNAm_R1_val_1.fq.gz
[2019-08-18 11:50:10,873] multiqc                                            [DEBUG  ]  Ignoring file as matched an ignore pattern: 17090_DNAm_R2_val_2.fq.gz
[2019-08-18 11:50:10,920] multiqc                                            [DEBUG  ]  Ignoring file as matched an ignore pattern: 17211_DNAm_R1_val_1.fq.gz
[2019-08-18 11:50:10,968] multiqc                                            [DEBUG  ]  Ignoring file as matched an ignore pattern: 17213_DNAm_R2_val_2.fq.gz
[2019-08-18 11:50:11,010] multiqc                                            [DEBUG  ]  Ignoring file as matched an ignore pattern: 17094_DNAm_R1_val_1.fq.gz
[2019-08-18 11:50:11,011] multiqc                                            [DEBUG  ]  Ignoring file as matched an ignore pattern: 17094_DNAm_R2_val_2.fq.gz
[2019-08-18 11:50:11,060] multiqc                                            [DEBUG  ]  Ignoring file as matched an ignore pattern: 17213_DNAm_R1_val_1.fq.gz
[2019-08-18 11:50:11,108] multiqc                                            [DEBUG  ]  Ignoring file as matched an ignore pattern: 17099_DNAm_R1_val_1.fq.gz
[2019-08-18 11:50:11,109] multiqc                                            [DEBUG  ]  Ignoring file as matched an ignore pattern: 17099_DNAm_R2_val_2.fq.gz
[2019-08-18 11:50:11,206] multiqc                                            [DEBUG  ]  Ignoring file as matched an ignore pattern: 17108_DNAm_R1_val_1.fq.gz
[2019-08-18 11:50:11,206] multiqc                                            [DEBUG  ]  Ignoring file as matched an ignore pattern: 17108_DNAm_R2_val_2.fq.gz
[2019-08-18 11:50:11,301] multiqc                                            [DEBUG  ]  Ignoring file as matched an ignore pattern: 17122_DNAm_R2_val_2.fq.gz
[2019-08-18 11:50:11,397] multiqc                                            [DEBUG  ]  Ignoring file as matched an ignore pattern: 17130_DNAm_R1_val_1.fq.gz
[2019-08-18 11:50:11,398] multiqc                                            [DEBUG  ]  Ignoring file as matched an ignore pattern: 17130_DNAm_R2_val_2.fq.gz
[2019-08-18 11:50:12,343] multiqc                                            [DEBUG  ]  Ignoring file as matched an ignore pattern: 17005_DNAm_R1_val_1_fastqc.html
[2019-08-18 11:50:12,345] multiqc                                            [DEBUG  ]  Ignoring file as matched an ignore pattern: 17005_DNAm_R2_val_2_fastqc.html
[2019-08-18 11:50:12,346] multiqc                                            [DEBUG  ]  Ignoring file as matched an ignore pattern: 17007_DNAm_R1_val_1_fastqc.html
[2019-08-18 11:50:12,348] multiqc                                            [DEBUG  ]  Ignoring file as matched an ignore pattern: 17007_DNAm_R2_val_2_fastqc.html
[2019-08-18 11:50:12,349] multiqc                                            [DEBUG  ]  Ignoring file as matched an ignore pattern: 17013_DNAm_R1_val_1_fastqc.html
[2019-08-18 11:50:12,351] multiqc                                            [DEBUG  ]  Ignoring file as matched an ignore pattern: 17013_DNAm_R2_val_2_fastqc.html
[2019-08-18 11:50:12,352] multiqc                                            [DEBUG  ]  Ignoring file as matched an ignore pattern: 17019_DNAm_R1_val_1_fastqc.html
[2019-08-18 11:50:12,354] multiqc                                            [DEBUG  ]  Ignoring file as matched an ignore pattern: 17019_DNAm_R2_val_2_fastqc.html
[2019-08-18 11:50:12,355] multiqc                                            [DEBUG  ]  Ignoring file as matched an ignore pattern: 17069_DNAm_R1_val_1_fastqc.html
[2019-08-18 11:50:12,357] multiqc                                            [DEBUG  ]  Ignoring file as matched an ignore pattern: 17069_DNAm_R2_val_2_fastqc.html
[2019-08-18 11:50:12,358] multiqc                                            [DEBUG  ]  Ignoring file as matched an ignore pattern: 17070_DNAm_R1_val_1_fastqc.html
[2019-08-18 11:50:12,360] multiqc                                            [DEBUG  ]  Ignoring file as matched an ignore pattern: 17070_DNAm_R2_val_2_fastqc.html
[2019-08-18 11:50:12,361] multiqc                                            [DEBUG  ]  Ignoring file as matched an ignore pattern: 17072_DNAm_R1_val_1_fastqc.html
[2019-08-18 11:50:12,362] multiqc                                            [DEBUG  ]  Ignoring file as matched an ignore pattern: 17072_DNAm_R2_val_2_fastqc.html
[2019-08-18 11:50:12,364] multiqc                                            [DEBUG  ]  Ignoring file as matched an ignore pattern: 17079_DNAm_R1_val_1_fastqc.html
[2019-08-18 11:50:12,365] multiqc                                            [DEBUG  ]  Ignoring file as matched an ignore pattern: 17079_DNAm_R2_val_2_fastqc.html
[2019-08-18 11:50:12,366] multiqc                                            [DEBUG  ]  Ignoring file as matched an ignore pattern: 17090_DNAm_R1_val_1_fastqc.html
[2019-08-18 11:50:12,367] multiqc                                            [DEBUG  ]  Ignoring file as matched an ignore pattern: 17090_DNAm_R2_val_2_fastqc.html
[2019-08-18 11:50:12,369] multiqc                                            [DEBUG  ]  Ignoring file as matched an ignore pattern: 17094_DNAm_R1_val_1_fastqc.html
[2019-08-18 11:50:12,370] multiqc                                            [DEBUG  ]  Ignoring file as matched an ignore pattern: 17094_DNAm_R2_val_2_fastqc.html
[2019-08-18 11:50:12,371] multiqc                                            [DEBUG  ]  Ignoring file as matched an ignore pattern: 17099_DNAm_R1_val_1_fastqc.html
[2019-08-18 11:50:12,373] multiqc                                            [DEBUG  ]  Ignoring file as matched an ignore pattern: 17099_DNAm_R2_val_2_fastqc.html
[2019-08-18 11:50:12,374] multiqc                                            [DEBUG  ]  Ignoring file as matched an ignore pattern: 17108_DNAm_R1_val_1_fastqc.html
[2019-08-18 11:50:12,375] multiqc                                            [DEBUG  ]  Ignoring file as matched an ignore pattern: 17108_DNAm_R2_val_2_fastqc.html
[2019-08-18 11:50:12,377] multiqc                                            [DEBUG  ]  Ignoring file as matched an ignore pattern: 17122_DNAm_R1_val_1_fastqc.html
[2019-08-18 11:50:12,378] multiqc                                            [DEBUG  ]  Ignoring file as matched an ignore pattern: 17122_DNAm_R2_val_2_fastqc.html
[2019-08-18 11:50:12,379] multiqc                                            [DEBUG  ]  Ignoring file as matched an ignore pattern: 17130_DNAm_R1_val_1_fastqc.html
[2019-08-18 11:50:12,380] multiqc                                            [DEBUG  ]  Ignoring file as matched an ignore pattern: 17130_DNAm_R2_val_2_fastqc.html
[2019-08-18 11:50:12,382] multiqc                                            [DEBUG  ]  Ignoring file as matched an ignore pattern: 17142_DNAm_R1_val_1_fastqc.html
[2019-08-18 11:50:12,383] multiqc                                            [DEBUG  ]  Ignoring file as matched an ignore pattern: 17142_DNAm_R2_val_2_fastqc.html
[2019-08-18 11:50:12,384] multiqc                                            [DEBUG  ]  Ignoring file as matched an ignore pattern: 17145_DNAm_R1_val_1_fastqc.html
[2019-08-18 11:50:12,385] multiqc                                            [DEBUG  ]  Ignoring file as matched an ignore pattern: 17145_DNAm_R2_val_2_fastqc.html
[2019-08-18 11:50:12,387] multiqc                                            [DEBUG  ]  Ignoring file as matched an ignore pattern: 17162_DNAm_R1_val_1_fastqc.html
[2019-08-18 11:50:12,388] multiqc                                            [DEBUG  ]  Ignoring file as matched an ignore pattern: 17162_DNAm_R2_val_2_fastqc.html
[2019-08-18 11:50:12,389] multiqc                                            [DEBUG  ]  Ignoring file as matched an ignore pattern: 17174_DNAm_R1_val_1_fastqc.html
[2019-08-18 11:50:12,390] multiqc                                            [DEBUG  ]  Ignoring file as matched an ignore pattern: 17174_DNAm_R2_val_2_fastqc.html
[2019-08-18 11:50:12,392] multiqc                                            [DEBUG  ]  Ignoring file as matched an ignore pattern: 17176_DNAm_R1_val_1_fastqc.html
[2019-08-18 11:50:12,393] multiqc                                            [DEBUG  ]  Ignoring file as matched an ignore pattern: 17176_DNAm_R2_val_2_fastqc.html
[2019-08-18 11:50:12,394] multiqc                                            [DEBUG  ]  Ignoring file as matched an ignore pattern: 17178_DNAm_R1_val_1_fastqc.html
[2019-08-18 11:50:12,395] multiqc                                            [DEBUG  ]  Ignoring file as matched an ignore pattern: 17178_DNAm_R2_val_2_fastqc.html
[2019-08-18 11:50:12,397] multiqc                                            [DEBUG  ]  Ignoring file as matched an ignore pattern: 17181_DNAm_R1_val_1_fastqc.html
[2019-08-18 11:50:12,398] multiqc                                            [DEBUG  ]  Ignoring file as matched an ignore pattern: 17181_DNAm_R2_val_2_fastqc.html
[2019-08-18 11:50:12,399] multiqc                                            [DEBUG  ]  Ignoring file as matched an ignore pattern: 17203_DNAm_R1_val_1_fastqc.html
[2019-08-18 11:50:12,400] multiqc                                            [DEBUG  ]  Ignoring file as matched an ignore pattern: 17203_DNAm_R2_val_2_fastqc.html
[2019-08-18 11:50:12,401] multiqc                                            [DEBUG  ]  Ignoring file as matched an ignore pattern: 17211_DNAm_R1_val_1_fastqc.html
[2019-08-18 11:50:12,403] multiqc                                            [DEBUG  ]  Ignoring file as matched an ignore pattern: 17211_DNAm_R2_val_2_fastqc.html
[2019-08-18 11:50:12,404] multiqc                                            [DEBUG  ]  Ignoring file as matched an ignore pattern: 17213_DNAm_R1_val_1_fastqc.html
[2019-08-18 11:50:12,405] multiqc                                            [DEBUG  ]  Ignoring file as matched an ignore pattern: 17213_DNAm_R2_val_2_fastqc.html
[2019-08-18 11:50:12,710] multiqc                                            [DEBUG  ]  No samples found: custom_content
[2019-08-18 11:50:12,714] multiqc                                            [DEBUG  ]  No samples found: conpair
[2019-08-18 11:50:12,717] multiqc                                            [DEBUG  ]  No samples found: peddy
[2019-08-18 11:50:12,721] multiqc                                            [DEBUG  ]  No samples found: methylQA
[2019-08-18 11:50:12,724] multiqc                                            [DEBUG  ]  No samples found: phantompeakqualtools
[2019-08-18 11:50:12,728] multiqc                                            [DEBUG  ]  No samples found: qualimap
[2019-08-18 11:50:12,732] multiqc                                            [DEBUG  ]  No samples found: preseq
[2019-08-18 11:50:12,736] multiqc                                            [DEBUG  ]  No samples found: quast
[2019-08-18 11:50:12,739] multiqc                                            [DEBUG  ]  No samples found: qorts
[2019-08-18 11:50:12,743] multiqc                                            [DEBUG  ]  No samples found: rna_seqc
[2019-08-18 11:50:12,746] multiqc                                            [DEBUG  ]  No samples found: rsem
[2019-08-18 11:50:12,752] multiqc                                            [DEBUG  ]  No samples found: rseqc
[2019-08-18 11:50:12,755] multiqc                                            [DEBUG  ]  No samples found: busco
[2019-08-18 11:50:12,759] multiqc                                            [DEBUG  ]  No samples found: goleft_indexcov
[2019-08-18 11:50:12,762] multiqc                                            [DEBUG  ]  No samples found: disambiguate
[2019-08-18 11:50:12,766] multiqc                                            [DEBUG  ]  No samples found: supernova
[2019-08-18 11:50:12,772] multiqc                                            [DEBUG  ]  No samples found: deeptools
[2019-08-18 11:50:12,776] multiqc                                            [DEBUG  ]  No samples found: sargasso
[2019-08-18 11:50:12,779] multiqc                                            [DEBUG  ]  No samples found: verifybamid
[2019-08-18 11:50:12,783] multiqc                                            [DEBUG  ]  No samples found: mirtrace
[2019-08-18 11:50:12,786] multiqc                                            [DEBUG  ]  No samples found: happy
[2019-08-18 11:50:12,790] multiqc                                            [DEBUG  ]  No samples found: homer
[2019-08-18 11:50:12,794] multiqc                                            [DEBUG  ]  No samples found: macs2
[2019-08-18 11:50:12,797] multiqc                                            [DEBUG  ]  No samples found: theta2
[2019-08-18 11:50:12,801] multiqc                                            [DEBUG  ]  No samples found: snpeff
[2019-08-18 11:50:12,806] multiqc                                            [DEBUG  ]  No samples found: gatk
[2019-08-18 11:50:12,809] multiqc                                            [DEBUG  ]  No samples found: htseq
[2019-08-18 11:50:12,813] multiqc                                            [DEBUG  ]  No samples found: bcftools
[2019-08-18 11:50:12,816] multiqc                                            [DEBUG  ]  No samples found: featureCounts
[2019-08-18 11:50:12,820] multiqc                                            [DEBUG  ]  No samples found: dedup
[2019-08-18 11:50:12,823] multiqc                                            [DEBUG  ]  No samples found: damageprofiler
[2019-08-18 11:50:12,830] multiqc                                            [DEBUG  ]  No samples found: picard
[2019-08-18 11:50:12,834] multiqc                                            [DEBUG  ]  No samples found: prokka
[2019-08-18 11:50:12,837] multiqc                                            [DEBUG  ]  No samples found: samblaster
[2019-08-18 11:50:12,842] multiqc                                            [DEBUG  ]  No samples found: samtools
[2019-08-18 11:50:12,845] multiqc                                            [DEBUG  ]  No samples found: bamtools
[2019-08-18 11:50:12,849] multiqc                                            [DEBUG  ]  No samples found: jellyfish
[2019-08-18 11:50:12,853] multiqc                                            [DEBUG  ]  No samples found: vcftools
[2019-08-18 11:50:12,857] multiqc                                            [DEBUG  ]  No samples found: longranger
[2019-08-18 11:50:12,861] multiqc                                            [DEBUG  ]  No samples found: stacks
[2019-08-18 11:50:12,867] multiqc                                            [DEBUG  ]  No samples found: bbmap
[2019-08-18 11:50:12,870] multiqc                                            [DEBUG  ]  No samples found: bismark
[2019-08-18 11:50:12,875] multiqc                                            [DEBUG  ]  No samples found: biscuit
[2019-08-18 11:50:12,878] multiqc                                            [DEBUG  ]  No samples found: hicexplorer
[2019-08-18 11:50:12,882] multiqc                                            [DEBUG  ]  No samples found: hicup
[2019-08-18 11:50:12,885] multiqc                                            [DEBUG  ]  No samples found: hicpro
[2019-08-18 11:50:12,889] multiqc                                            [DEBUG  ]  No samples found: salmon
[2019-08-18 11:50:12,892] multiqc                                            [DEBUG  ]  No samples found: kallisto
[2019-08-18 11:50:12,896] multiqc                                            [DEBUG  ]  No samples found: slamdunk
[2019-08-18 11:50:12,899] multiqc                                            [DEBUG  ]  No samples found: star
[2019-08-18 11:50:12,903] multiqc                                            [DEBUG  ]  No samples found: hisat2
[2019-08-18 11:50:12,906] multiqc                                            [DEBUG  ]  No samples found: tophat
[2019-08-18 11:50:12,910] multiqc                                            [DEBUG  ]  No samples found: bowtie2
[2019-08-18 11:50:12,913] multiqc                                            [DEBUG  ]  No samples found: bowtie1
[2019-08-18 11:50:12,917] multiqc                                            [DEBUG  ]  No samples found: kat
[2019-08-18 11:50:12,920] multiqc                                            [DEBUG  ]  No samples found: leehom
[2019-08-18 11:50:12,924] multiqc                                            [DEBUG  ]  No samples found: adapterRemoval
[2019-08-18 11:50:12,927] multiqc                                            [DEBUG  ]  No samples found: clipandmerge
[2019-08-18 11:50:13,071] multiqc.modules.cutadapt.cutadapt                  [INFO   ]  Found 48 reports
[2019-08-18 11:50:13,112] multiqc                                            [DEBUG  ]  No samples found: flexbar
[2019-08-18 11:50:13,117] multiqc                                            [DEBUG  ]  No samples found: trimmomatic
[2019-08-18 11:50:13,122] multiqc                                            [DEBUG  ]  No samples found: skewer
[2019-08-18 11:50:13,127] multiqc                                            [DEBUG  ]  No samples found: sortmerna
[2019-08-18 11:50:13,131] multiqc                                            [DEBUG  ]  No samples found: biobloomtools
[2019-08-18 11:50:13,136] multiqc                                            [DEBUG  ]  No samples found: fastq_screen
[2019-08-18 11:50:13,140] multiqc                                            [DEBUG  ]  No samples found: afterqc
[2019-08-18 11:50:13,145] multiqc                                            [DEBUG  ]  No samples found: fastp
[2019-08-18 11:50:14,264] multiqc.modules.fastqc.fastqc                      [INFO   ]  Found 48 reports
[2019-08-18 11:50:15,035] multiqc                                            [DEBUG  ]  No samples found: minionqc
[2019-08-18 11:50:15,037] multiqc                                            [DEBUG  ]  No samples found: clusterflow
[2019-08-18 11:50:15,040] multiqc                                            [DEBUG  ]  No samples found: bcl2fastq
[2019-08-18 11:50:15,042] multiqc                                            [DEBUG  ]  No samples found: interop
[2019-08-18 11:50:15,045] multiqc                                            [DEBUG  ]  No samples found: flash
[2019-08-18 11:50:15,112] multiqc                                            [INFO   ]  Compressing plot data
[2019-08-18 11:50:15,779] multiqc                                            [INFO   ]  Report      : multiqc_report.html
[2019-08-18 11:50:15,779] multiqc                                            [INFO   ]  Data        : multiqc_data
[2019-08-18 11:50:15,781] multiqc                                            [DEBUG  ]  Moving data file from '/tmp/tmpw9mj4u82/multiqc_data/multiqc_cutadapt.txt' to '/shared_lab/20180226_RNAseq_2017OAExp/DNAm/trimmedSamples/groupSample_illuminaAdapter_20190726/multiqc_data'
[2019-08-18 11:50:15,784] multiqc                                            [DEBUG  ]  Moving data file from '/tmp/tmpw9mj4u82/multiqc_data/multiqc_fastqc.txt' to '/shared_lab/20180226_RNAseq_2017OAExp/DNAm/trimmedSamples/groupSample_illuminaAdapter_20190726/multiqc_data'
[2019-08-18 11:50:15,786] multiqc                                            [DEBUG  ]  Moving data file from '/tmp/tmpw9mj4u82/multiqc_data/multiqc_general_stats.txt' to '/shared_lab/20180226_RNAseq_2017OAExp/DNAm/trimmedSamples/groupSample_illuminaAdapter_20190726/multiqc_data'
[2019-08-18 11:50:15,788] multiqc                                            [DEBUG  ]  Moving data file from '/tmp/tmpw9mj4u82/multiqc_data/multiqc_sources.txt' to '/shared_lab/20180226_RNAseq_2017OAExp/DNAm/trimmedSamples/groupSample_illuminaAdapter_20190726/multiqc_data'
[2019-08-18 11:50:15,790] multiqc                                            [DEBUG  ]  Moving data file from '/tmp/tmpw9mj4u82/multiqc_data/multiqc_data.json' to '/shared_lab/20180226_RNAseq_2017OAExp/DNAm/trimmedSamples/groupSample_illuminaAdapter_20190726/multiqc_data'
[2019-08-18 11:50:15,901] multiqc                                            [INFO   ]  MultiQC complete
